<?xml version="1.0" encoding="UTF-8"?>
<!-- Generated by org.testng.reporters.JUnitReportReporter -->
<testsuite hostname="MacBook-Pro-de-Paola.local" failures="0" tests="5" name="specs.login.Login" time="31.697" errors="0" timestamp="2022-06-14T15:05:45 CST" skipped="0">
  <testcase classname="specs.login.Login" name="NavigateSideMenuBar" time="6.446"/>
  <system-out/>
  <testcase classname="specs.login.Login" name="LoginUser" time="5.293"/>
  <system-out/>
  <testcase classname="specs.login.Login" name="getBiggestAge" time="4.957"/>
  <system-out/>
  <testcase classname="specs.login.Login" name="getElementsList" time="9.430"/>
  <system-out/>
  <testcase classname="specs.login.Login" name="CreateAccount" time="5.571"/>
  <system-out/>
</testsuite> <!-- specs.login.Login -->
